<?xml version="1.0" encoding="UTF-8"?>
<!-- Generated by org.testng.reporters.JUnitXMLReporter -->
<testsuite ignored="0" hostname="DESKTOP-59FMM7T" failures="0" tests="4" name="Default test" time="0.614" errors="0" timestamp="2022-12-05T17:18:43 IST">
  <testcase classname="jenkins.Testcase3" name="tc3" time="0.064"/>
  <testcase classname="jenkins.Testcase2" name="tc2" time="0.006"/>
  <testcase classname="jenkins.Testcase4" name="tc4" time="0.019"/>
  <testcase classname="jenkins.Testcase1" name="tc1" time="0.003"/>
</testsuite> <!-- Default test -->
