<?xml version="1.0" encoding="UTF-8"?>
<!-- Generated by org.testng.reporters.JUnitXMLReporter -->
<testsuite ignored="0" hostname="DESKTOP-59FMM7T" failures="0" tests="4" name="Test" time="0.364" errors="0" timestamp="2022-12-05T17:18:45 IST">
  <testcase classname="jenkins.Testcase4" name="tc4" time="0.069"/>
  <testcase classname="jenkins.Testcase3" name="tc3" time="0.008"/>
  <testcase classname="jenkins.Testcase2" name="tc2" time="0.008"/>
  <testcase classname="jenkins.Testcase1" name="tc1" time="0.006"/>
</testsuite> <!-- Test -->
