<?xml version="1.0" encoding="UTF-8"?>
<testng-results ignored="0" total="4" passed="4" failed="0" skipped="0">
  <reporter-output>
    <line>
      <![CDATA[Hello API]]>
    </line>
    <line>
      <![CDATA[Hello Java]]>
    </line>
    <line>
      <![CDATA[Hello Appium]]>
    </line>
    <line>
      <![CDATA[Hello Selenium]]>
    </line>
  </reporter-output>
  <suite started-at="2022-12-05T17:18:45 IST" name="Suite" finished-at="2022-12-05T17:18:45 IST" duration-ms="364">
    <groups>
    </groups>
    <test started-at="2022-12-05T17:18:45 IST" name="Test" finished-at="2022-12-05T17:18:45 IST" duration-ms="364">
      <class name="jenkins.Testcase3">
        <test-method signature="tc3()[pri:0, instance:jenkins.Testcase3@1e683a3e]" started-at="2022-12-05T17:18:45 IST" name="tc3" finished-at="2022-12-05T17:18:45 IST" duration-ms="8" status="PASS">
          <reporter-output>
            <line>
              <![CDATA[Hello Java]]>
            </line>
          </reporter-output>
        </test-method> <!-- tc3 -->
      </class> <!-- jenkins.Testcase3 -->
      <class name="jenkins.Testcase2">
        <test-method signature="tc2()[pri:0, instance:jenkins.Testcase2@2053d869]" started-at="2022-12-05T17:18:45 IST" name="tc2" finished-at="2022-12-05T17:18:45 IST" duration-ms="8" status="PASS">
          <reporter-output>
            <line>
              <![CDATA[Hello Appium]]>
            </line>
          </reporter-output>
        </test-method> <!-- tc2 -->
      </class> <!-- jenkins.Testcase2 -->
      <class name="jenkins.Testcase4">
        <test-method signature="tc4()[pri:0, instance:jenkins.Testcase4@2fd1433e]" started-at="2022-12-05T17:18:45 IST" name="tc4" finished-at="2022-12-05T17:18:45 IST" duration-ms="69" status="PASS">
          <reporter-output>
            <line>
              <![CDATA[Hello API]]>
            </line>
          </reporter-output>
        </test-method> <!-- tc4 -->
      </class> <!-- jenkins.Testcase4 -->
      <class name="jenkins.Testcase1">
        <test-method signature="tc1()[pri:0, instance:jenkins.Testcase1@7a419da4]" started-at="2022-12-05T17:18:45 IST" name="tc1" finished-at="2022-12-05T17:18:45 IST" duration-ms="6" status="PASS">
          <reporter-output>
            <line>
              <![CDATA[Hello Selenium]]>
            </line>
          </reporter-output>
        </test-method> <!-- tc1 -->
      </class> <!-- jenkins.Testcase1 -->
    </test> <!-- Test -->
  </suite> <!-- Suite -->
</testng-results>
